<?xml version="1.0" encoding="UTF-8"?>
<testsuite xmlns:xsi="http://www.w3.org/2001/XMLSchema-instance" xsi:noNamespaceSchemaLocation="https://maven.apache.org/surefire/maven-surefire-plugin/xsd/surefire-test-report-3.0.xsd" version="3.0" name="InjectedTest" time="17.856" tests="5" errors="0" skipped="0" failures="0">
  <properties>
[...]
</properties>
  <testcase name="" classname="org.jvnet.hudson.test.JellyTestSuiteBuilder$JellyCheck" time="0.223">
    <system-out><![CDATA[Running tests for com.example.jenkins:jenkins-security-analyzer:1.0.0
]]></system-out>
    <system-err><![CDATA[May 08, 2025 9:11:54 PM org.jvnet.hudson.test.WarExploder explode
INFO: Exploding C:\Users\user\.m2\repository\org\jenkins-ci\main\jenkins-war\2.361.4\jenkins-war-2.361.4.war into C:\Program Files\Jenkins\masters_degree\jenkins-security-analyzer\target\jenkins-for-test
May 08, 2025 9:11:57 PM org.eclipse.jetty.server.handler.ContextHandler setContextPath
WARNING: Empty contextPath
May 08, 2025 9:11:57 PM org.eclipse.jetty.server.Server doStart
INFO: jetty-10.0.15; built: 2023-04-11T17:25:14.480Z; git: 68017dbd00236bb7e187330d7585a059610f661d; jvm 11.0.27+8-LTS-232
May 08, 2025 9:11:57 PM org.eclipse.jetty.webapp.StandardDescriptorProcessor visitServlet
INFO: NO JSP Support for /, did not find org.eclipse.jetty.jsp.JettyJspServlet
May 08, 2025 9:11:57 PM org.eclipse.jetty.server.session.DefaultSessionIdManager doStart
INFO: Session workerName=node0
May 08, 2025 9:11:57 PM org.eclipse.jetty.server.handler.ContextHandler doStart
INFO: Started o.e.j.w.WebAppContext@1dc76fa1{Jenkins v2.361.4,/,file:///C:/Program%20Files/Jenkins/masters_degree/jenkins-security-analyzer/target/jenkins-for-test/,AVAILABLE}{C:\Program Files\Jenkins\masters_degree\jenkins-security-analyzer\target\jenkins-for-test}
May 08, 2025 9:11:57 PM org.eclipse.jetty.server.AbstractConnector doStart
INFO: Started ServerConnector@f72203{HTTP/1.1, (http/1.1)}{localhost:62762}
May 08, 2025 9:11:57 PM org.eclipse.jetty.server.Server doStart
INFO: Started Server@4f63e3c7{STARTING}[10.0.15,sto=0] @5299ms
May 08, 2025 9:11:58 PM jenkins.InitReactorRunner$1 onAttained
INFO: Started initialization
May 08, 2025 9:11:58 PM hudson.PluginManager considerDetachedPlugin
INFO: Loading a detached plugin as a dependency: C:\Program Files\Jenkins\masters_degree\jenkins-security-analyzer\target\tmp\jenkins16050676135201921833\plugins\sshd.jpi
May 08, 2025 9:11:58 PM hudson.PluginManager considerDetachedPlugin
INFO: Loading a detached plugin as a dependency: C:\Program Files\Jenkins\masters_degree\jenkins-security-analyzer\target\tmp\jenkins16050676135201921833\plugins\javax-activation-api.jpi
May 08, 2025 9:11:58 PM hudson.PluginManager considerDetachedPlugin
INFO: Loading a detached plugin as a dependency: C:\Program Files\Jenkins\masters_degree\jenkins-security-analyzer\target\tmp\jenkins16050676135201921833\plugins\javax-mail-api.jpi
May 08, 2025 9:11:58 PM hudson.PluginManager considerDetachedPlugin
INFO: Loading a detached plugin as a dependency: C:\Program Files\Jenkins\masters_degree\jenkins-security-analyzer\target\tmp\jenkins16050676135201921833\plugins\bouncycastle-api.jpi
May 08, 2025 9:11:58 PM hudson.PluginManager considerDetachedPlugin
INFO: Loading a detached plugin as a dependency: C:\Program Files\Jenkins\masters_degree\jenkins-security-analyzer\target\tmp\jenkins16050676135201921833\plugins\instance-identity.jpi
May 08, 2025 9:11:58 PM hudson.PluginManager considerDetachedPlugin
INFO: Loading a detached plugin as a dependency: C:\Program Files\Jenkins\masters_degree\jenkins-security-analyzer\target\tmp\jenkins16050676135201921833\plugins\trilead-api.jpi
May 08, 2025 9:11:59 PM jenkins.InitReactorRunner$1 onAttained
INFO: Listed all plugins
May 08, 2025 9:12:03 PM jenkins.InitReactorRunner$1 onAttained
INFO: Prepared all plugins
May 08, 2025 9:12:03 PM jenkins.InitReactorRunner$1 onAttained
INFO: Started all plugins
May 08, 2025 9:12:03 PM jenkins.InitReactorRunner$1 onAttained
INFO: Augmented all extensions
May 08, 2025 9:12:04 PM jenkins.InitReactorRunner$1 onAttained
INFO: System config loaded
May 08, 2025 9:12:04 PM jenkins.InitReactorRunner$1 onAttained
INFO: System config adapted
May 08, 2025 9:12:04 PM jenkins.InitReactorRunner$1 onAttained
INFO: Loaded all jobs
May 08, 2025 9:12:04 PM jenkins.InitReactorRunner$1 onAttained
INFO: Configuration for all jobs updated
May 08, 2025 9:12:04 PM jenkins.InitReactorRunner$1 onAttained
INFO: Completed initialization
May 08, 2025 9:12:04 PM org.eclipse.jetty.server.Server doStart
INFO: jetty-10.0.15; built: 2023-04-11T17:25:14.480Z; git: 68017dbd00236bb7e187330d7585a059610f661d; jvm 11.0.27+8-LTS-232
May 08, 2025 9:12:04 PM org.eclipse.jetty.server.session.DefaultSessionIdManager doStart
INFO: Session workerName=node0
May 08, 2025 9:12:04 PM org.eclipse.jetty.server.handler.ContextHandler doStart
INFO: Started o.e.j.s.ServletContextHandler@574b7f4a{/,null,AVAILABLE}
May 08, 2025 9:12:04 PM org.eclipse.jetty.server.AbstractConnector doStart
INFO: Started ServerConnector@32177fa5{HTTP/1.1, (http/1.1)}{0.0.0.0:62776}
May 08, 2025 9:12:04 PM org.eclipse.jetty.server.Server doStart
INFO: Started Server@6ab4a5b{STARTING}[10.0.15,sto=0] @11932ms
]]></system-err>
  </testcase>
  <testcase name="" classname="org.jvnet.hudson.test.JellyTestSuiteBuilder$JellyCheck" time="0.002"/>
  <testcase name="testCliSanity" classname="InjectedTest" time="0.013"/>
  <testcase name="testPluginActive" classname="InjectedTest" time="0.0"/>
  <testcase name="" classname="org.jvnet.hudson.test.junit.FailedTest" time="0.001">
    <system-err><![CDATA[May 08, 2025 9:12:11 PM org.eclipse.jetty.server.Server doStop
INFO: Stopped Server@4f63e3c7{STOPPING}[10.0.15,sto=0]
May 08, 2025 9:12:11 PM org.eclipse.jetty.server.AbstractConnector doStop
INFO: Stopped ServerConnector@f72203{HTTP/1.1, (http/1.1)}{localhost:0}
May 08, 2025 9:12:11 PM org.eclipse.jetty.server.handler.ContextHandler doStop
INFO: Stopped o.e.j.w.WebAppContext@1dc76fa1{Jenkins v2.361.4,/,file:///C:/Program%20Files/Jenkins/masters_degree/jenkins-security-analyzer/target/jenkins-for-test/,STOPPED}{C:\Program Files\Jenkins\masters_degree\jenkins-security-analyzer\target\jenkins-for-test}
May 08, 2025 9:12:11 PM hudson.lifecycle.Lifecycle onStatusUpdate
INFO: Stopping Jenkins
May 08, 2025 9:12:11 PM hudson.lifecycle.Lifecycle onStatusUpdate
INFO: Jenkins stopped
]]></system-err>
  </testcase>
</testsuite>